In file included from methdemon.cpp:1:
In file included from ./methdemon.h:10:
In file included from /opt/homebrew/Cellar/boost/1.82.0_1/include/boost/property_tree/info_parser.hpp:13:
In file included from /opt/homebrew/Cellar/boost/1.82.0_1/include/boost/property_tree/ptree.hpp:16:
In file included from /opt/homebrew/Cellar/boost/1.82.0_1/include/boost/property_tree/string_path.hpp:16:
In file included from /opt/homebrew/Cellar/boost/1.82.0_1/include/boost/property_tree/exceptions.hpp:17:
In file included from /opt/homebrew/Cellar/boost/1.82.0_1/include/boost/any.hpp:20:
In file included from /opt/homebrew/Cellar/boost/1.82.0_1/include/boost/type_index.hpp:29:
In file included from /opt/homebrew/Cellar/boost/1.82.0_1/include/boost/type_index/stl_type_index.hpp:47:
In file included from /opt/homebrew/Cellar/boost/1.82.0_1/include/boost/container_hash/hash.hpp:14:
/opt/homebrew/Cellar/boost/1.82.0_1/include/boost/container_hash/detail/requires_cxx11.hpp:18:1: warning: C++03 support is deprecated in Boost.ContainerHash 1.82 and will be removed in Boost.ContainerHash 1.84. [-W#pragma-messages]
BOOST_PRAGMA_MESSAGE("C++03 support is deprecated in Boost.ContainerHash 1.82 and will be removed in Boost.ContainerHash 1.84.")
^
/opt/homebrew/Cellar/boost/1.82.0_1/include/boost/config/pragma_message.hpp:24:34: note: expanded from macro 'BOOST_PRAGMA_MESSAGE'
# define BOOST_PRAGMA_MESSAGE(x) _Pragma(BOOST_STRINGIZE(message(x)))
                                 ^
<scratch space>:144:2: note: expanded from here
 message("C++03 support is deprecated in Boost.ContainerHash 1.82 and will be removed in Boost.ContainerHash 1.84.")
 ^
In file included from methdemon.cpp:1:
In file included from ./methdemon.h:10:
In file included from /opt/homebrew/Cellar/boost/1.82.0_1/include/boost/property_tree/info_parser.hpp:13:
In file included from /opt/homebrew/Cellar/boost/1.82.0_1/include/boost/property_tree/ptree.hpp:23:
In file included from /opt/homebrew/Cellar/boost/1.82.0_1/include/boost/multi_index/sequenced_index.hpp:17:
In file included from /opt/homebrew/Cellar/boost/1.82.0_1/include/boost/bind/bind.hpp:24:
/opt/homebrew/Cellar/boost/1.82.0_1/include/boost/bind/detail/requires_cxx11.hpp:18:1: warning: C++03 support is deprecated in Boost.Bind 1.82 and will be removed in Boost.Bind 1.84. [-W#pragma-messages]
BOOST_PRAGMA_MESSAGE("C++03 support is deprecated in Boost.Bind 1.82 and will be removed in Boost.Bind 1.84.")
^
/opt/homebrew/Cellar/boost/1.82.0_1/include/boost/config/pragma_message.hpp:24:34: note: expanded from macro 'BOOST_PRAGMA_MESSAGE'
# define BOOST_PRAGMA_MESSAGE(x) _Pragma(BOOST_STRINGIZE(message(x)))
                                 ^
<scratch space>:85:2: note: expanded from here
 message("C++03 support is deprecated in Boost.Bind 1.82 and will be removed in Boost.Bind 1.84.")
 ^
methdemon.cpp:1865:2: warning: 'sprintf' is deprecated: This function is provided for compatibility reasons only.  Due to security concerns inherent in the design of sprintf(3), it is highly recommended that you use snprintf(3) instead. [-Wdeprecated-declarations]
        sprintf(filebuff, "%sparameters.dat", input_and_output_path);
        ^
/Library/Developer/CommandLineTools/SDKs/MacOSX.sdk/usr/include/stdio.h:188:1: note: 'sprintf' has been explicitly marked deprecated here
__deprecated_msg("This function is provided for compatibility reasons only.  Due to security concerns inherent in the design of sprintf(3), it is highly recommended that you use snprintf(3) instead.")
^
/Library/Developer/CommandLineTools/SDKs/MacOSX.sdk/usr/include/sys/cdefs.h:215:48: note: expanded from macro '__deprecated_msg'
        #define __deprecated_msg(_msg) __attribute__((__deprecated__(_msg)))
                                                      ^
methdemon.cpp:1867:2: warning: 'sprintf' is deprecated: This function is provided for compatibility reasons only.  Due to security concerns inherent in the design of sprintf(3), it is highly recommended that you use snprintf(3) instead. [-Wdeprecated-declarations]
        sprintf(filebuff, "%soutput.dat", input_and_output_path);
        ^
/Library/Developer/CommandLineTools/SDKs/MacOSX.sdk/usr/include/stdio.h:188:1: note: 'sprintf' has been explicitly marked deprecated here
__deprecated_msg("This function is provided for compatibility reasons only.  Due to security concerns inherent in the design of sprintf(3), it is highly recommended that you use snprintf(3) instead.")
^
/Library/Developer/CommandLineTools/SDKs/MacOSX.sdk/usr/include/sys/cdefs.h:215:48: note: expanded from macro '__deprecated_msg'
        #define __deprecated_msg(_msg) __attribute__((__deprecated__(_msg)))
                                                      ^
methdemon.cpp:1869:2: warning: 'sprintf' is deprecated: This function is provided for compatibility reasons only.  Due to security concerns inherent in the design of sprintf(3), it is highly recommended that you use snprintf(3) instead. [-Wdeprecated-declarations]
        sprintf(filebuff, "%soutput_diversities.dat", input_and_output_path);
        ^
/Library/Developer/CommandLineTools/SDKs/MacOSX.sdk/usr/include/stdio.h:188:1: note: 'sprintf' has been explicitly marked deprecated here
__deprecated_msg("This function is provided for compatibility reasons only.  Due to security concerns inherent in the design of sprintf(3), it is highly recommended that you use snprintf(3) instead.")
^
/Library/Developer/CommandLineTools/SDKs/MacOSX.sdk/usr/include/sys/cdefs.h:215:48: note: expanded from macro '__deprecated_msg'
        #define __deprecated_msg(_msg) __attribute__((__deprecated__(_msg)))
                                                      ^
methdemon.cpp:1871:2: warning: 'sprintf' is deprecated: This function is provided for compatibility reasons only.  Due to security concerns inherent in the design of sprintf(3), it is highly recommended that you use snprintf(3) instead. [-Wdeprecated-declarations]
        sprintf(filebuff, "%sdemes.dat", input_and_output_path);
        ^
/Library/Developer/CommandLineTools/SDKs/MacOSX.sdk/usr/include/stdio.h:188:1: note: 'sprintf' has been explicitly marked deprecated here
__deprecated_msg("This function is provided for compatibility reasons only.  Due to security concerns inherent in the design of sprintf(3), it is highly recommended that you use snprintf(3) instead.")
^
/Library/Developer/CommandLineTools/SDKs/MacOSX.sdk/usr/include/sys/cdefs.h:215:48: note: expanded from macro '__deprecated_msg'
        #define __deprecated_msg(_msg) __attribute__((__deprecated__(_msg)))
                                                      ^
methdemon.cpp:1873:2: warning: 'sprintf' is deprecated: This function is provided for compatibility reasons only.  Due to security concerns inherent in the design of sprintf(3), it is highly recommended that you use snprintf(3) instead. [-Wdeprecated-declarations]
        sprintf(filebuff, "%sclones.dat", input_and_output_path);
        ^
/Library/Developer/CommandLineTools/SDKs/MacOSX.sdk/usr/include/stdio.h:188:1: note: 'sprintf' has been explicitly marked deprecated here
__deprecated_msg("This function is provided for compatibility reasons only.  Due to security concerns inherent in the design of sprintf(3), it is highly recommended that you use snprintf(3) instead.")
^
/Library/Developer/CommandLineTools/SDKs/MacOSX.sdk/usr/include/sys/cdefs.h:215:48: note: expanded from macro '__deprecated_msg'
        #define __deprecated_msg(_msg) __attribute__((__deprecated__(_msg)))
                                                      ^
methdemon.cpp:1875:2: warning: 'sprintf' is deprecated: This function is provided for compatibility reasons only.  Due to security concerns inherent in the design of sprintf(3), it is highly recommended that you use snprintf(3) instead. [-Wdeprecated-declarations]
        sprintf(filebuff, "%soutput_genotype_counts.dat", input_and_output_path);
        ^
/Library/Developer/CommandLineTools/SDKs/MacOSX.sdk/usr/include/stdio.h:188:1: note: 'sprintf' has been explicitly marked deprecated here
__deprecated_msg("This function is provided for compatibility reasons only.  Due to security concerns inherent in the design of sprintf(3), it is highly recommended that you use snprintf(3) instead.")
^
/Library/Developer/CommandLineTools/SDKs/MacOSX.sdk/usr/include/sys/cdefs.h:215:48: note: expanded from macro '__deprecated_msg'
        #define __deprecated_msg(_msg) __attribute__((__deprecated__(_msg)))
                                                      ^
methdemon.cpp:1877:2: warning: 'sprintf' is deprecated: This function is provided for compatibility reasons only.  Due to security concerns inherent in the design of sprintf(3), it is highly recommended that you use snprintf(3) instead. [-Wdeprecated-declarations]
        sprintf(filebuff, "%soutput_driver_genotype_counts.dat", input_and_output_path);
        ^
/Library/Developer/CommandLineTools/SDKs/MacOSX.sdk/usr/include/stdio.h:188:1: note: 'sprintf' has been explicitly marked deprecated here
__deprecated_msg("This function is provided for compatibility reasons only.  Due to security concerns inherent in the design of sprintf(3), it is highly recommended that you use snprintf(3) instead.")
^
/Library/Developer/CommandLineTools/SDKs/MacOSX.sdk/usr/include/sys/cdefs.h:215:48: note: expanded from macro '__deprecated_msg'
        #define __deprecated_msg(_msg) __attribute__((__deprecated__(_msg)))
                                                      ^
methdemon.cpp:1879:2: warning: 'sprintf' is deprecated: This function is provided for compatibility reasons only.  Due to security concerns inherent in the design of sprintf(3), it is highly recommended that you use snprintf(3) instead. [-Wdeprecated-declarations]
        sprintf(filebuff, "%sphylo.dat", input_and_output_path);
        ^
/Library/Developer/CommandLineTools/SDKs/MacOSX.sdk/usr/include/stdio.h:188:1: note: 'sprintf' has been explicitly marked deprecated here
__deprecated_msg("This function is provided for compatibility reasons only.  Due to security concerns inherent in the design of sprintf(3), it is highly recommended that you use snprintf(3) instead.")
^
/Library/Developer/CommandLineTools/SDKs/MacOSX.sdk/usr/include/sys/cdefs.h:215:48: note: expanded from macro '__deprecated_msg'
        #define __deprecated_msg(_msg) __attribute__((__deprecated__(_msg)))
                                                      ^
methdemon.cpp:1881:2: warning: 'sprintf' is deprecated: This function is provided for compatibility reasons only.  Due to security concerns inherent in the design of sprintf(3), it is highly recommended that you use snprintf(3) instead. [-Wdeprecated-declarations]
        sprintf(filebuff, "%sdriver_phylo.dat", input_and_output_path);
        ^
/Library/Developer/CommandLineTools/SDKs/MacOSX.sdk/usr/include/stdio.h:188:1: note: 'sprintf' has been explicitly marked deprecated here
__deprecated_msg("This function is provided for compatibility reasons only.  Due to security concerns inherent in the design of sprintf(3), it is highly recommended that you use snprintf(3) instead.")
^
/Library/Developer/CommandLineTools/SDKs/MacOSX.sdk/usr/include/sys/cdefs.h:215:48: note: expanded from macro '__deprecated_msg'
        #define __deprecated_msg(_msg) __attribute__((__deprecated__(_msg)))
                                                      ^
methdemon.cpp:1883:2: warning: 'sprintf' is deprecated: This function is provided for compatibility reasons only.  Due to security concerns inherent in the design of sprintf(3), it is highly recommended that you use snprintf(3) instead. [-Wdeprecated-declarations]
        sprintf(filebuff, "%smatrix.dat", input_and_output_path);
        ^
/Library/Developer/CommandLineTools/SDKs/MacOSX.sdk/usr/include/stdio.h:188:1: note: 'sprintf' has been explicitly marked deprecated here
__deprecated_msg("This function is provided for compatibility reasons only.  Due to security concerns inherent in the design of sprintf(3), it is highly recommended that you use snprintf(3) instead.")
^
/Library/Developer/CommandLineTools/SDKs/MacOSX.sdk/usr/include/sys/cdefs.h:215:48: note: expanded from macro '__deprecated_msg'
        #define __deprecated_msg(_msg) __attribute__((__deprecated__(_msg)))
                                                      ^
methdemon.cpp:1885:2: warning: 'sprintf' is deprecated: This function is provided for compatibility reasons only.  Due to security concerns inherent in the design of sprintf(3), it is highly recommended that you use snprintf(3) instead. [-Wdeprecated-declarations]
        sprintf(filebuff, "%sdriver_matrix.dat", input_and_output_path);
        ^
/Library/Developer/CommandLineTools/SDKs/MacOSX.sdk/usr/include/stdio.h:188:1: note: 'sprintf' has been explicitly marked deprecated here
__deprecated_msg("This function is provided for compatibility reasons only.  Due to security concerns inherent in the design of sprintf(3), it is highly recommended that you use snprintf(3) instead.")
^
/Library/Developer/CommandLineTools/SDKs/MacOSX.sdk/usr/include/sys/cdefs.h:215:48: note: expanded from macro '__deprecated_msg'
        #define __deprecated_msg(_msg) __attribute__((__deprecated__(_msg)))
                                                      ^
methdemon.cpp:1887:2: warning: 'sprintf' is deprecated: This function is provided for compatibility reasons only.  Due to security concerns inherent in the design of sprintf(3), it is highly recommended that you use snprintf(3) instead. [-Wdeprecated-declarations]
        sprintf(filebuff, "%soutput_popgrid.dat", input_and_output_path);
        ^
/Library/Developer/CommandLineTools/SDKs/MacOSX.sdk/usr/include/stdio.h:188:1: note: 'sprintf' has been explicitly marked deprecated here
__deprecated_msg("This function is provided for compatibility reasons only.  Due to security concerns inherent in the design of sprintf(3), it is highly recommended that you use snprintf(3) instead.")
^
/Library/Developer/CommandLineTools/SDKs/MacOSX.sdk/usr/include/sys/cdefs.h:215:48: note: expanded from macro '__deprecated_msg'
        #define __deprecated_msg(_msg) __attribute__((__deprecated__(_msg)))
                                                      ^
methdemon.cpp:1889:2: warning: 'sprintf' is deprecated: This function is provided for compatibility reasons only.  Due to security concerns inherent in the design of sprintf(3), it is highly recommended that you use snprintf(3) instead. [-Wdeprecated-declarations]
        sprintf(filebuff, "%soutput_flipsgrid.dat", input_and_output_path);
        ^
/Library/Developer/CommandLineTools/SDKs/MacOSX.sdk/usr/include/stdio.h:188:1: note: 'sprintf' has been explicitly marked deprecated here
__deprecated_msg("This function is provided for compatibility reasons only.  Due to security concerns inherent in the design of sprintf(3), it is highly recommended that you use snprintf(3) instead.")
^
/Library/Developer/CommandLineTools/SDKs/MacOSX.sdk/usr/include/sys/cdefs.h:215:48: note: expanded from macro '__deprecated_msg'
        #define __deprecated_msg(_msg) __attribute__((__deprecated__(_msg)))
                                                      ^
methdemon.cpp:1891:2: warning: 'sprintf' is deprecated: This function is provided for compatibility reasons only.  Due to security concerns inherent in the design of sprintf(3), it is highly recommended that you use snprintf(3) instead. [-Wdeprecated-declarations]
        sprintf(filebuff, "%soutput_normalcellsgrid.dat", input_and_output_path);
        ^
/Library/Developer/CommandLineTools/SDKs/MacOSX.sdk/usr/include/stdio.h:188:1: note: 'sprintf' has been explicitly marked deprecated here
__deprecated_msg("This function is provided for compatibility reasons only.  Due to security concerns inherent in the design of sprintf(3), it is highly recommended that you use snprintf(3) instead.")
^
/Library/Developer/CommandLineTools/SDKs/MacOSX.sdk/usr/include/sys/cdefs.h:215:48: note: expanded from macro '__deprecated_msg'
        #define __deprecated_msg(_msg) __attribute__((__deprecated__(_msg)))
                                                      ^
methdemon.cpp:1893:2: warning: 'sprintf' is deprecated: This function is provided for compatibility reasons only.  Due to security concerns inherent in the design of sprintf(3), it is highly recommended that you use snprintf(3) instead. [-Wdeprecated-declarations]
        sprintf(filebuff, "%soutput_deathrates_grid.dat", input_and_output_path);
        ^
/Library/Developer/CommandLineTools/SDKs/MacOSX.sdk/usr/include/stdio.h:188:1: note: 'sprintf' has been explicitly marked deprecated here
__deprecated_msg("This function is provided for compatibility reasons only.  Due to security concerns inherent in the design of sprintf(3), it is highly recommended that you use snprintf(3) instead.")
^
/Library/Developer/CommandLineTools/SDKs/MacOSX.sdk/usr/include/sys/cdefs.h:215:48: note: expanded from macro '__deprecated_msg'
        #define __deprecated_msg(_msg) __attribute__((__deprecated__(_msg)))
                                                      ^
methdemon.cpp:1895:2: warning: 'sprintf' is deprecated: This function is provided for compatibility reasons only.  Due to security concerns inherent in the design of sprintf(3), it is highly recommended that you use snprintf(3) instead. [-Wdeprecated-declarations]
        sprintf(filebuff, "%soutput_birthratesgrid.dat", input_and_output_path);
        ^
/Library/Developer/CommandLineTools/SDKs/MacOSX.sdk/usr/include/stdio.h:188:1: note: 'sprintf' has been explicitly marked deprecated here
__deprecated_msg("This function is provided for compatibility reasons only.  Due to security concerns inherent in the design of sprintf(3), it is highly recommended that you use snprintf(3) instead.")
^
/Library/Developer/CommandLineTools/SDKs/MacOSX.sdk/usr/include/sys/cdefs.h:215:48: note: expanded from macro '__deprecated_msg'
        #define __deprecated_msg(_msg) __attribute__((__deprecated__(_msg)))
                                                      ^
methdemon.cpp:1897:2: warning: 'sprintf' is deprecated: This function is provided for compatibility reasons only.  Due to security concerns inherent in the design of sprintf(3), it is highly recommended that you use snprintf(3) instead. [-Wdeprecated-declarations]
        sprintf(filebuff, "%soutput_migrationratesgrid.dat", input_and_output_path);
        ^
/Library/Developer/CommandLineTools/SDKs/MacOSX.sdk/usr/include/stdio.h:188:1: note: 'sprintf' has been explicitly marked deprecated here
__deprecated_msg("This function is provided for compatibility reasons only.  Due to security concerns inherent in the design of sprintf(3), it is highly recommended that you use snprintf(3) instead.")
^
/Library/Developer/CommandLineTools/SDKs/MacOSX.sdk/usr/include/sys/cdefs.h:215:48: note: expanded from macro '__deprecated_msg'
        #define __deprecated_msg(_msg) __attribute__((__deprecated__(_msg)))
                                                      ^
methdemon.cpp:1899:2: warning: 'sprintf' is deprecated: This function is provided for compatibility reasons only.  Due to security concerns inherent in the design of sprintf(3), it is highly recommended that you use snprintf(3) instead. [-Wdeprecated-declarations]
        sprintf(filebuff, "%soutput_driversgrid.dat", input_and_output_path);
        ^
/Library/Developer/CommandLineTools/SDKs/MacOSX.sdk/usr/include/stdio.h:188:1: note: 'sprintf' has been explicitly marked deprecated here
__deprecated_msg("This function is provided for compatibility reasons only.  Due to security concerns inherent in the design of sprintf(3), it is highly recommended that you use snprintf(3) instead.")
^
/Library/Developer/CommandLineTools/SDKs/MacOSX.sdk/usr/include/sys/cdefs.h:215:48: note: expanded from macro '__deprecated_msg'
        #define __deprecated_msg(_msg) __attribute__((__deprecated__(_msg)))
                                                      ^
methdemon.cpp:1901:2: warning: 'sprintf' is deprecated: This function is provided for compatibility reasons only.  Due to security concerns inherent in the design of sprintf(3), it is highly recommended that you use snprintf(3) instead. [-Wdeprecated-declarations]
        sprintf(filebuff, "%serror_log.dat", input_and_output_path);
        ^
/Library/Developer/CommandLineTools/SDKs/MacOSX.sdk/usr/include/stdio.h:188:1: note: 'sprintf' has been explicitly marked deprecated here
__deprecated_msg("This function is provided for compatibility reasons only.  Due to security concerns inherent in the design of sprintf(3), it is highly recommended that you use snprintf(3) instead.")
^
/Library/Developer/CommandLineTools/SDKs/MacOSX.sdk/usr/include/sys/cdefs.h:215:48: note: expanded from macro '__deprecated_msg'
        #define __deprecated_msg(_msg) __attribute__((__deprecated__(_msg)))
                                                      ^
methdemon.cpp:1903:2: warning: 'sprintf' is deprecated: This function is provided for compatibility reasons only.  Due to security concerns inherent in the design of sprintf(3), it is highly recommended that you use snprintf(3) instead. [-Wdeprecated-declarations]
        sprintf(filebuff, "%ssample_size_log.dat", input_and_output_path);
        ^
/Library/Developer/CommandLineTools/SDKs/MacOSX.sdk/usr/include/stdio.h:188:1: note: 'sprintf' has been explicitly marked deprecated here
__deprecated_msg("This function is provided for compatibility reasons only.  Due to security concerns inherent in the design of sprintf(3), it is highly recommended that you use snprintf(3) instead.")
^
/Library/Developer/CommandLineTools/SDKs/MacOSX.sdk/usr/include/sys/cdefs.h:215:48: note: expanded from macro '__deprecated_msg'
        #define __deprecated_msg(_msg) __attribute__((__deprecated__(_msg)))
                                                      ^
methdemon.cpp:1905:2: warning: 'sprintf' is deprecated: This function is provided for compatibility reasons only.  Due to security concerns inherent in the design of sprintf(3), it is highly recommended that you use snprintf(3) instead. [-Wdeprecated-declarations]
        sprintf(filebuff, "%soutput_allele_counts.dat", input_and_output_path);
        ^
/Library/Developer/CommandLineTools/SDKs/MacOSX.sdk/usr/include/stdio.h:188:1: note: 'sprintf' has been explicitly marked deprecated here
__deprecated_msg("This function is provided for compatibility reasons only.  Due to security concerns inherent in the design of sprintf(3), it is highly recommended that you use snprintf(3) instead.")
^
/Library/Developer/CommandLineTools/SDKs/MacOSX.sdk/usr/include/sys/cdefs.h:215:48: note: expanded from macro '__deprecated_msg'
        #define __deprecated_msg(_msg) __attribute__((__deprecated__(_msg)))
                                                      ^
methdemon.cpp:1907:2: warning: 'sprintf' is deprecated: This function is provided for compatibility reasons only.  Due to security concerns inherent in the design of sprintf(3), it is highly recommended that you use snprintf(3) instead. [-Wdeprecated-declarations]
        sprintf(filebuff, "%soutput_driver_allele_counts.dat", input_and_output_path);
        ^
/Library/Developer/CommandLineTools/SDKs/MacOSX.sdk/usr/include/stdio.h:188:1: note: 'sprintf' has been explicitly marked deprecated here
__deprecated_msg("This function is provided for compatibility reasons only.  Due to security concerns inherent in the design of sprintf(3), it is highly recommended that you use snprintf(3) instead.")
^
/Library/Developer/CommandLineTools/SDKs/MacOSX.sdk/usr/include/sys/cdefs.h:215:48: note: expanded from macro '__deprecated_msg'
        #define __deprecated_msg(_msg) __attribute__((__deprecated__(_msg)))
                                                      ^
methdemon.cpp:1909:2: warning: 'sprintf' is deprecated: This function is provided for compatibility reasons only.  Due to security concerns inherent in the design of sprintf(3), it is highly recommended that you use snprintf(3) instead. [-Wdeprecated-declarations]
        sprintf(filebuff, "%soutput_genotype_properties.dat", input_and_output_path);
        ^
/Library/Developer/CommandLineTools/SDKs/MacOSX.sdk/usr/include/stdio.h:188:1: note: 'sprintf' has been explicitly marked deprecated here
__deprecated_msg("This function is provided for compatibility reasons only.  Due to security concerns inherent in the design of sprintf(3), it is highly recommended that you use snprintf(3) instead.")
^
/Library/Developer/CommandLineTools/SDKs/MacOSX.sdk/usr/include/sys/cdefs.h:215:48: note: expanded from macro '__deprecated_msg'
        #define __deprecated_msg(_msg) __attribute__((__deprecated__(_msg)))
                                                      ^
methdemon.cpp:1911:2: warning: 'sprintf' is deprecated: This function is provided for compatibility reasons only.  Due to security concerns inherent in the design of sprintf(3), it is highly recommended that you use snprintf(3) instead. [-Wdeprecated-declarations]
        sprintf(filebuff, "%soutput_driver_genotype_properties.dat", input_and_output_path);
        ^
/Library/Developer/CommandLineTools/SDKs/MacOSX.sdk/usr/include/stdio.h:188:1: note: 'sprintf' has been explicitly marked deprecated here
__deprecated_msg("This function is provided for compatibility reasons only.  Due to security concerns inherent in the design of sprintf(3), it is highly recommended that you use snprintf(3) instead.")
^
/Library/Developer/CommandLineTools/SDKs/MacOSX.sdk/usr/include/sys/cdefs.h:215:48: note: expanded from macro '__deprecated_msg'
        #define __deprecated_msg(_msg) __attribute__((__deprecated__(_msg)))
                                                      ^
methdemon.cpp:1914:2: warning: 'sprintf' is deprecated: This function is provided for compatibility reasons only.  Due to security concerns inherent in the design of sprintf(3), it is highly recommended that you use snprintf(3) instead. [-Wdeprecated-declarations]
        sprintf(filebuff, "%soutput_methylation_arrays.dat", input_and_output_path);
        ^
/Library/Developer/CommandLineTools/SDKs/MacOSX.sdk/usr/include/stdio.h:188:1: note: 'sprintf' has been explicitly marked deprecated here
__deprecated_msg("This function is provided for compatibility reasons only.  Due to security concerns inherent in the design of sprintf(3), it is highly recommended that you use snprintf(3) instead.")
^
/Library/Developer/CommandLineTools/SDKs/MacOSX.sdk/usr/include/sys/cdefs.h:215:48: note: expanded from macro '__deprecated_msg'
        #define __deprecated_msg(_msg) __attribute__((__deprecated__(_msg)))
                                                      ^
methdemon.cpp:1916:2: warning: 'sprintf' is deprecated: This function is provided for compatibility reasons only.  Due to security concerns inherent in the design of sprintf(3), it is highly recommended that you use snprintf(3) instead. [-Wdeprecated-declarations]
        sprintf(filebuff, "%soutput_deme_methylation.dat", input_and_output_path);
        ^
/Library/Developer/CommandLineTools/SDKs/MacOSX.sdk/usr/include/stdio.h:188:1: note: 'sprintf' has been explicitly marked deprecated here
__deprecated_msg("This function is provided for compatibility reasons only.  Due to security concerns inherent in the design of sprintf(3), it is highly recommended that you use snprintf(3) instead.")
^
/Library/Developer/CommandLineTools/SDKs/MacOSX.sdk/usr/include/sys/cdefs.h:215:48: note: expanded from macro '__deprecated_msg'
        #define __deprecated_msg(_msg) __attribute__((__deprecated__(_msg)))
                                                      ^
methdemon.cpp:1919:2: warning: 'sprintf' is deprecated: This function is provided for compatibility reasons only.  Due to security concerns inherent in the design of sprintf(3), it is highly recommended that you use snprintf(3) instead. [-Wdeprecated-declarations]
        sprintf(filebuff, "%sfinal_state_genotype_methylation.dat", input_and_output_path);
        ^
/Library/Developer/CommandLineTools/SDKs/MacOSX.sdk/usr/include/stdio.h:188:1: note: 'sprintf' has been explicitly marked deprecated here
__deprecated_msg("This function is provided for compatibility reasons only.  Due to security concerns inherent in the design of sprintf(3), it is highly recommended that you use snprintf(3) instead.")
^
/Library/Developer/CommandLineTools/SDKs/MacOSX.sdk/usr/include/sys/cdefs.h:215:48: note: expanded from macro '__deprecated_msg'
        #define __deprecated_msg(_msg) __attribute__((__deprecated__(_msg)))
                                                      ^
methdemon.cpp:1921:2: warning: 'sprintf' is deprecated: This function is provided for compatibility reasons only.  Due to security concerns inherent in the design of sprintf(3), it is highly recommended that you use snprintf(3) instead. [-Wdeprecated-declarations]
        sprintf(filebuff, "%sfinal_state_deme_methylation.dat", input_and_output_path);
        ^
/Library/Developer/CommandLineTools/SDKs/MacOSX.sdk/usr/include/stdio.h:188:1: note: 'sprintf' has been explicitly marked deprecated here
__deprecated_msg("This function is provided for compatibility reasons only.  Due to security concerns inherent in the design of sprintf(3), it is highly recommended that you use snprintf(3) instead.")
^
/Library/Developer/CommandLineTools/SDKs/MacOSX.sdk/usr/include/sys/cdefs.h:215:48: note: expanded from macro '__deprecated_msg'
        #define __deprecated_msg(_msg) __attribute__((__deprecated__(_msg)))
                                                      ^
methdemon.cpp:1953:44: warning: data argument not used by format string [-Wformat-extra-args]
                mu_driver_birth, meth_rate, demeth_rate, mu_driver_migration);
                                                         ^
methdemon.cpp:1955:3: warning: format specifies type 'double' but the argument has type 'int' [-Wformat]
                init_pop, seed, biopsy_size_per_sample);
                ^~~~~~~~
methdemon.cpp:1954:67: warning: more '%' conversions than data arguments [-Wformat-insufficient-args]
        fprintf(output_parameters, "%f\t%f\t%f\t%f\t%f\t%f\t%f\t%d\t%d\t%d\n", normal_birth_rate, baseline_death_rate, s_driver_birth, s_driver_migration, max_relative_birth_rate, max_relative_migration_rate, 
                                                                        ~^
methdemon.cpp:2541:4: warning: 'sprintf' is deprecated: This function is provided for compatibility reasons only.  Due to security concerns inherent in the design of sprintf(3), it is highly recommended that you use snprintf(3) instead. [-Wdeprecated-declarations]
                        sprintf(buffer_text_short, "%f ", val_to_write); // write its state
                        ^
/Library/Developer/CommandLineTools/SDKs/MacOSX.sdk/usr/include/stdio.h:188:1: note: 'sprintf' has been explicitly marked deprecated here
__deprecated_msg("This function is provided for compatibility reasons only.  Due to security concerns inherent in the design of sprintf(3), it is highly recommended that you use snprintf(3) instead.")
^
/Library/Developer/CommandLineTools/SDKs/MacOSX.sdk/usr/include/sys/cdefs.h:215:48: note: expanded from macro '__deprecated_msg'
        #define __deprecated_msg(_msg) __attribute__((__deprecated__(_msg)))
                                                      ^
methdemon.cpp:2578:4: warning: 'sprintf' is deprecated: This function is provided for compatibility reasons only.  Due to security concerns inherent in the design of sprintf(3), it is highly recommended that you use snprintf(3) instead. [-Wdeprecated-declarations]
                        sprintf(buffer_text_short, "%f ", val_to_write); // write its state
                        ^
/Library/Developer/CommandLineTools/SDKs/MacOSX.sdk/usr/include/stdio.h:188:1: note: 'sprintf' has been explicitly marked deprecated here
__deprecated_msg("This function is provided for compatibility reasons only.  Due to security concerns inherent in the design of sprintf(3), it is highly recommended that you use snprintf(3) instead.")
^
/Library/Developer/CommandLineTools/SDKs/MacOSX.sdk/usr/include/sys/cdefs.h:215:48: note: expanded from macro '__deprecated_msg'
        #define __deprecated_msg(_msg) __attribute__((__deprecated__(_msg)))
                                                      ^
methdemon.cpp:2607:4: warning: 'sprintf' is deprecated: This function is provided for compatibility reasons only.  Due to security concerns inherent in the design of sprintf(3), it is highly recommended that you use snprintf(3) instead. [-Wdeprecated-declarations]
                        sprintf(buffer_text_short, "%f ", val_to_write); // write its state
                        ^
/Library/Developer/CommandLineTools/SDKs/MacOSX.sdk/usr/include/stdio.h:188:1: note: 'sprintf' has been explicitly marked deprecated here
__deprecated_msg("This function is provided for compatibility reasons only.  Due to security concerns inherent in the design of sprintf(3), it is highly recommended that you use snprintf(3) instead.")
^
/Library/Developer/CommandLineTools/SDKs/MacOSX.sdk/usr/include/sys/cdefs.h:215:48: note: expanded from macro '__deprecated_msg'
        #define __deprecated_msg(_msg) __attribute__((__deprecated__(_msg)))
                                                      ^
methdemon.cpp:2646:4: warning: 'sprintf' is deprecated: This function is provided for compatibility reasons only.  Due to security concerns inherent in the design of sprintf(3), it is highly recommended that you use snprintf(3) instead. [-Wdeprecated-declarations]
                        sprintf(buffer_text_short, "%f ", val_to_write); // write its state
                        ^
/Library/Developer/CommandLineTools/SDKs/MacOSX.sdk/usr/include/stdio.h:188:1: note: 'sprintf' has been explicitly marked deprecated here
__deprecated_msg("This function is provided for compatibility reasons only.  Due to security concerns inherent in the design of sprintf(3), it is highly recommended that you use snprintf(3) instead.")
^
/Library/Developer/CommandLineTools/SDKs/MacOSX.sdk/usr/include/sys/cdefs.h:215:48: note: expanded from macro '__deprecated_msg'
        #define __deprecated_msg(_msg) __attribute__((__deprecated__(_msg)))
                                                      ^
methdemon.cpp:2678:4: warning: 'sprintf' is deprecated: This function is provided for compatibility reasons only.  Due to security concerns inherent in the design of sprintf(3), it is highly recommended that you use snprintf(3) instead. [-Wdeprecated-declarations]
                        sprintf(buffer_text_short, "%f ", val_to_write); // write the deme's state
                        ^
/Library/Developer/CommandLineTools/SDKs/MacOSX.sdk/usr/include/stdio.h:188:1: note: 'sprintf' has been explicitly marked deprecated here
__deprecated_msg("This function is provided for compatibility reasons only.  Due to security concerns inherent in the design of sprintf(3), it is highly recommended that you use snprintf(3) instead.")
^
/Library/Developer/CommandLineTools/SDKs/MacOSX.sdk/usr/include/sys/cdefs.h:215:48: note: expanded from macro '__deprecated_msg'
        #define __deprecated_msg(_msg) __attribute__((__deprecated__(_msg)))
                                                      ^
methdemon.cpp:3956:2: warning: 'sprintf' is deprecated: This function is provided for compatibility reasons only.  Due to security concerns inherent in the design of sprintf(3), it is highly recommended that you use snprintf(3) instead. [-Wdeprecated-declarations]
        sprintf(limit, "%d", dim_grid - 1);
        ^
/Library/Developer/CommandLineTools/SDKs/MacOSX.sdk/usr/include/stdio.h:188:1: note: 'sprintf' has been explicitly marked deprecated here
__deprecated_msg("This function is provided for compatibility reasons only.  Due to security concerns inherent in the design of sprintf(3), it is highly recommended that you use snprintf(3) instead.")
^
/Library/Developer/CommandLineTools/SDKs/MacOSX.sdk/usr/include/sys/cdefs.h:215:48: note: expanded from macro '__deprecated_msg'
        #define __deprecated_msg(_msg) __attribute__((__deprecated__(_msg)))
                                                      ^
methdemon.cpp:3999:2: warning: 'sprintf' is deprecated: This function is provided for compatibility reasons only.  Due to security concerns inherent in the design of sprintf(3), it is highly recommended that you use snprintf(3) instead. [-Wdeprecated-declarations]
        sprintf(limit, "%d", dim_grid - 1);
        ^
/Library/Developer/CommandLineTools/SDKs/MacOSX.sdk/usr/include/stdio.h:188:1: note: 'sprintf' has been explicitly marked deprecated here
__deprecated_msg("This function is provided for compatibility reasons only.  Due to security concerns inherent in the design of sprintf(3), it is highly recommended that you use snprintf(3) instead.")
^
/Library/Developer/CommandLineTools/SDKs/MacOSX.sdk/usr/include/sys/cdefs.h:215:48: note: expanded from macro '__deprecated_msg'
        #define __deprecated_msg(_msg) __attribute__((__deprecated__(_msg)))
                                                      ^
40 warnings generated.
